<?xml version="1.0" encoding="UTF-8"?>
<!-- Generated by org.testng.reporters.JUnitReportReporter -->
<testsuite hostname="LAPTOP-5HE953J4" failures="0" tests="1" name="hybridApp1.GeneralStore" time="19.894" errors="0" timestamp="2024-06-03T18:11:57 IST" skipped="0">
  <testcase classname="hybridApp1.GeneralStore" name="genStoreOpen" time="19.894"/>
  <system-out/>
</testsuite> <!-- hybridApp1.GeneralStore -->
