<?xml version="1.0" encoding="UTF-8"?>
<!-- Generated by org.testng.reporters.JUnitReportReporter -->
<testsuite hostname="LAPTOP-5HE953J4" failures="0" tests="7" name="nativeApp1.ApiDemos" time="8.264" errors="0" timestamp="2024-05-31T17:37:52 IST" skipped="6">
  <testcase classname="nativeApp1.ApiDemos" name="message" time="8.264"/>
  <system-out/>
  <testcase classname="nativeApp1.ApiDemos" name="views">
    <skipped/>
  </testcase> <!-- views -->
  <system-out/>
  <testcase classname="nativeApp1.ApiDemos" name="longPress">
    <skipped/>
  </testcase> <!-- longPress -->
  <system-out/>
  <testcase classname="nativeApp1.ApiDemos" name="dateWidget">
    <skipped/>
  </testcase> <!-- dateWidget -->
  <system-out/>
  <testcase classname="nativeApp1.ApiDemos" name="accessibility">
    <skipped/>
  </testcase> <!-- accessibility -->
  <system-out/>
  <testcase classname="nativeApp1.ApiDemos" name="notification">
    <skipped/>
  </testcase> <!-- notification -->
  <system-out/>
  <testcase classname="nativeApp1.ApiDemos" name="draganddrop">
    <skipped/>
  </testcase> <!-- draganddrop -->
  <system-out/>
</testsuite> <!-- nativeApp1.ApiDemos -->
